SF:lib\core\domain\usecases\is_logged_in.dart
DA:7,1
DA:9,3
LF:2
LH:2
end_of_record
SF:lib\services_locator.dart
DA:23,24
DA:26,0
DA:27,0
DA:28,0
DA:29,0
DA:30,0
DA:31,0
DA:32,0
DA:33,0
DA:37,0
DA:38,0
DA:39,0
DA:40,0
DA:41,0
DA:42,0
DA:43,0
DA:44,0
DA:45,0
DA:48,0
DA:49,0
DA:50,0
DA:51,0
DA:52,0
DA:53,0
DA:54,0
DA:55,0
DA:59,0
DA:60,0
DA:63,0
DA:64,0
DA:65,0
DA:66,0
DA:69,0
DA:70,0
DA:73,0
DA:74,0
DA:75,0
DA:76,0
DA:77,0
DA:78,0
DA:79,0
DA:82,0
DA:83,0
DA:84,0
DA:85,0
DA:86,0
DA:87,0
DA:88,0
DA:89,0
LF:49
LH:1
end_of_record
SF:lib\common\bloc\auth\cubit\auth_cubit.dart
DA:7,0
DA:9,0
DA:10,0
DA:11,0
DA:13,0
DA:15,0
LF:6
LH:0
end_of_record
SF:lib\core\data\models\signin_req_params.dart
DA:13,0
DA:14,0
LF:2
LH:0
end_of_record
SF:lib\core\data\models\signin_req_params.g.dart
DA:9,0
DA:11,0
DA:12,0
DA:13,0
DA:16,0
DA:18,0
DA:19,0
DA:20,0
LF:8
LH:0
end_of_record
SF:lib\core\data\repository\auth_repository_impl.dart
DA:10,0
DA:12,0
DA:15,0
DA:17,0
DA:18,0
DA:19,0
DA:20,0
DA:22,0
DA:23,0
DA:24,0
DA:28,0
DA:30,0
LF:12
LH:0
end_of_record
SF:lib\core\data\source\auth_api_service.dart
DA:13,0
DA:17,0
DA:19,0
DA:20,0
DA:21,0
DA:22,0
DA:23,0
DA:24,0
DA:25,0
DA:27,0
LF:10
LH:0
end_of_record
SF:lib\core\data\source\auth_local_service.dart
DA:11,0
DA:13,0
DA:14,0
DA:22,0
DA:24,0
DA:25,0
DA:27,0
LF:7
LH:0
end_of_record
SF:lib\core\network\dio_client.dart
DA:8,0
DA:9,0
DA:10,0
DA:11,0
DA:17,0
DA:22,0
DA:23,0
DA:24,0
DA:25,0
DA:26,0
DA:27,0
DA:28,0
DA:30,0
DA:31,0
DA:32,0
DA:33,0
DA:36,0
DA:37,0
DA:38,0
DA:39,0
DA:42,0
DA:43,0
DA:44,0
DA:45,0
DA:46,0
DA:48,0
DA:49,0
DA:50,0
DA:51,0
DA:54,0
DA:55,0
DA:56,0
DA:57,0
DA:61,0
DA:62,0
DA:63,0
DA:64,0
DA:70,0
DA:78,0
DA:86,0
DA:87,0
DA:92,0
DA:101,0
DA:109,0
DA:110,0
DA:115,0
DA:125,0
DA:135,0
DA:136,0
DA:141,0
DA:149,0
DA:157,0
DA:158,0
LF:53
LH:0
end_of_record
SF:lib\core\domain\usecases\login.dart
DA:8,1
DA:10,1
DA:11,2
LF:3
LH:3
end_of_record
SF:lib\core\network\interceptors.dart
DA:8,0
DA:10,0
DA:11,0
DA:12,0
DA:13,0
DA:14,0
DA:15,0
DA:16,0
DA:19,0
DA:21,0
DA:22,0
DA:23,0
DA:26,0
DA:28,0
DA:29,0
DA:30,0
DA:31,0
DA:32,0
LF:18
LH:0
end_of_record
SF:lib\presentation\home\bloc\all_categories\cubit\all_categories_state.dart
DA:12,1
DA:20,0
LF:2
LH:1
end_of_record
SF:lib\presentation\home\bloc\all_categories\cubit\all_categories_cubit.dart
DA:9,0
DA:10,0
DA:12,0
DA:13,0
DA:14,0
DA:15,0
DA:17,0
DA:19,0
DA:20,0
DA:21,0
DA:22,0
DA:24,0
DA:25,0
DA:26,0
LF:14
LH:0
end_of_record
SF:lib\presentation\home\domain\usecase\get_all_category.dart
DA:7,0
DA:9,0
LF:2
LH:0
end_of_record
SF:lib\presentation\home\bloc\all_categories\selected_category_cubit.dart
DA:4,0
DA:6,0
DA:7,0
DA:9,0
LF:4
LH:0
end_of_record
SF:lib\presentation\home\bloc\all_products\cubit\all_products_cubit.dart
DA:11,3
DA:13,1
DA:14,1
DA:15,2
DA:16,2
DA:18,1
DA:19,3
DA:20,1
DA:21,1
DA:22,2
DA:27,0
DA:28,0
DA:30,0
DA:32,0
DA:34,0
DA:35,0
DA:38,0
DA:40,0
DA:41,0
DA:43,0
DA:46,0
DA:47,0
DA:51,0
LF:23
LH:10
end_of_record
SF:lib\presentation\home\bloc\all_products\cubit\all_products_state.dart
DA:5,1
DA:6,1
DA:16,1
DA:18,1
DA:19,2
DA:25,2
DA:27,1
DA:28,2
LF:8
LH:8
end_of_record
SF:lib\presentation\home\data\models\product_model.dart
DA:20,0
DA:21,0
DA:31,0
LF:3
LH:0
end_of_record
SF:lib\presentation\home\data\models\product_model.g.dart
DA:9,0
DA:10,0
DA:11,0
DA:12,0
DA:13,0
DA:14,0
DA:15,0
DA:16,0
DA:17,0
DA:19,0
DA:20,0
DA:23,0
DA:24,0
DA:25,0
DA:26,0
DA:27,0
DA:28,0
DA:29,0
DA:30,0
DA:31,0
DA:32,0
DA:35,0
DA:36,0
DA:37,0
DA:40,0
DA:41,0
DA:42,0
DA:43,0
LF:28
LH:0
end_of_record
SF:lib\presentation\home\domain\usecase\get_all_product.dart
DA:9,1
DA:11,1
DA:13,2
LF:3
LH:3
end_of_record
SF:lib\presentation\home\bloc\cart\cubit\cart_state.dart
DA:12,1
DA:20,1
LF:2
LH:2
end_of_record
SF:lib\presentation\home\bloc\cart\cubit\cart_cubit.dart
DA:11,3
DA:13,1
DA:14,1
DA:17,2
DA:18,0
DA:20,0
DA:22,0
DA:24,4
DA:28,1
DA:29,2
DA:30,0
DA:32,0
DA:35,0
DA:36,0
DA:37,0
DA:38,0
DA:41,0
DA:42,0
DA:43,0
DA:47,0
DA:49,0
DA:50,0
DA:54,0
DA:55,0
DA:56,0
DA:57,0
DA:58,0
DA:59,0
DA:62,0
DA:64,0
DA:66,0
DA:67,0
DA:71,0
DA:72,0
DA:73,0
DA:75,0
DA:77,0
DA:79,0
DA:80,0
DA:84,0
DA:85,0
DA:86,0
DA:87,0
LF:43
LH:7
end_of_record
SF:lib\presentation\home\data\source\home_local_service.dart
DA:6,0
DA:7,0
DA:8,0
DA:12,0
DA:14,0
DA:18,0
DA:19,0
DA:22,0
DA:25,0
DA:36,0
DA:41,0
DA:42,0
DA:44,0
DA:45,0
DA:46,0
DA:48,0
DA:50,0
DA:53,0
DA:55,0
DA:56,0
DA:57,0
DA:58,0
DA:59,0
DA:67,0
DA:68,0
DA:69,0
DA:72,0
DA:75,0
DA:76,0
DA:77,0
DA:78,0
DA:81,0
DA:82,0
DA:83,0
DA:86,0
DA:87,0
DA:88,0
DA:91,0
DA:92,0
DA:94,0
DA:95,0
LF:41
LH:0
end_of_record
SF:lib\presentation\home\data\repository\home_repository_impl.dart
DA:9,0
DA:13,0
DA:16,0
DA:18,0
DA:23,0
DA:26,0
DA:28,0
DA:32,0
DA:35,0
DA:37,0
LF:10
LH:0
end_of_record
SF:lib\presentation\home\data\source\home_api_service.dart
DA:15,0
DA:18,0
DA:19,0
DA:20,0
DA:21,0
DA:22,0
DA:23,0
DA:24,0
DA:28,0
DA:31,0
DA:33,0
DA:34,0
DA:36,0
DA:38,0
DA:39,0
DA:41,0
DA:45,0
DA:48,0
DA:49,0
DA:50,0
DA:51,0
DA:52,0
LF:22
LH:0
end_of_record
SF:lib\presentation\home\bloc\product\cubit\product_cubit.dart
DA:9,2
DA:11,4
DA:13,2
DA:14,4
DA:16,4
DA:17,2
DA:18,6
DA:19,6
LF:8
LH:8
end_of_record
SF:lib\presentation\home\domain\usecase\get_product.dart
DA:8,1
DA:10,1
DA:12,1
DA:14,2
LF:4
LH:4
end_of_record
SF:lib\presentation\home\bloc\product\cubit\product_state.dart
DA:6,1
DA:7,1
DA:17,2
DA:19,1
DA:20,2
DA:26,2
DA:28,1
DA:29,2
LF:8
LH:8
end_of_record
SF:lib\core\domain\usecases\logout.dart
DA:9,1
DA:11,1
DA:12,2
LF:3
LH:3
end_of_record
SF:lib\presentation\home\pages\home_page.dart
DA:16,1
DA:18,1
DA:20,1
DA:21,1
DA:22,1
DA:23,1
DA:24,0
DA:25,1
DA:26,0
DA:27,1
DA:35,1
DA:37,1
DA:38,1
DA:44,1
DA:46,1
DA:47,2
DA:50,1
DA:52,2
DA:53,1
DA:56,0
DA:57,0
DA:58,0
DA:59,0
DA:60,0
DA:61,0
DA:64,1
DA:66,0
DA:67,2
DA:68,0
DA:69,0
DA:70,0
DA:71,0
DA:74,0
DA:76,0
DA:77,0
DA:78,0
DA:79,0
DA:80,0
DA:83,0
DA:85,0
DA:86,0
DA:88,0
DA:90,0
DA:92,0
DA:94,0
DA:95,0
DA:96,0
DA:97,0
DA:98,0
LF:49
LH:19
end_of_record
SF:lib\helpers\widgets\custom_text_field.dart
DA:14,0
DA:27,0
DA:28,0
DA:34,0
DA:36,0
DA:37,0
DA:38,0
DA:39,0
DA:40,0
DA:41,0
DA:42,0
DA:43,0
DA:44,0
DA:45,0
DA:47,0
DA:48,0
DA:49,0
DA:51,0
DA:52,0
DA:53,0
DA:54,0
DA:59,0
DA:60,0
DA:61,0
DA:66,0
DA:67,0
DA:70,0
DA:71,0
LF:28
LH:0
end_of_record
SF:lib\core\configs\app_theme.dart
DA:4,0
DA:12,0
DA:20,0
DA:21,0
DA:23,0
DA:24,0
DA:26,0
DA:27,0
DA:32,0
DA:33,0
LF:10
LH:0
end_of_record
SF:lib\presentation\home\widgets\home\app_bar_widget.dart
DA:10,0
DA:11,0
DA:14,0
DA:15,0
DA:16,0
DA:19,0
DA:21,0
DA:22,0
DA:24,0
DA:25,0
DA:28,0
DA:29,0
DA:30,0
DA:31,0
DA:35,0
DA:36,0
DA:37,0
DA:38,0
DA:39,0
DA:40,0
DA:41,0
DA:42,0
DA:45,0
DA:56,0
DA:57,0
DA:58,0
DA:61,0
DA:62,0
DA:65,0
DA:66,0
DA:68,0
DA:69,0
DA:72,0
DA:75,0
DA:77,0
DA:78,0
DA:80,0
LF:37
LH:0
end_of_record
SF:lib\presentation\home\widgets\home\category_widget.dart
DA:9,0
DA:10,0
DA:12,0
DA:13,0
DA:14,0
DA:15,0
DA:16,0
DA:17,0
DA:18,0
DA:20,0
DA:21,0
DA:23,0
DA:24,0
DA:25,0
DA:35,0
DA:36,0
DA:38,0
DA:41,0
DA:42,0
DA:44,0
DA:45,0
DA:46,0
DA:47,0
DA:50,0
DA:52,0
DA:62,0
DA:64,0
DA:65,0
DA:66,0
DA:67,0
DA:69,0
DA:71,0
DA:72,0
DA:73,0
DA:74,0
DA:76,0
DA:77,0
DA:78,0
DA:80,0
DA:81,0
DA:83,0
DA:84,0
DA:85,0
DA:86,0
DA:87,0
DA:90,0
DA:91,0
DA:92,0
DA:93,0
DA:95,0
DA:98,0
DA:100,0
DA:102,0
LF:53
LH:0
end_of_record
SF:lib\presentation\home\widgets\home\product_widget.dart
DA:11,0
DA:12,0
DA:13,0
DA:14,0
DA:15,0
DA:16,0
DA:22,0
DA:23,0
DA:30,0
DA:31,0
DA:32,0
DA:33,0
DA:34,0
DA:35,0
DA:37,0
DA:40,0
DA:43,0
DA:44,0
DA:46,0
DA:47,0
DA:48,0
DA:51,0
DA:55,0
DA:57,0
DA:59,0
DA:60,0
DA:65,0
DA:67,0
DA:68,0
DA:69,0
DA:71,0
DA:74,0
DA:89,0
DA:90,0
DA:99,0
DA:100,0
DA:101,0
DA:102,0
DA:103,0
DA:105,0
DA:106,0
DA:108,0
DA:110,0
DA:111,0
DA:112,0
DA:117,0
DA:119,0
DA:121,0
DA:122,0
DA:128,0
DA:134,0
DA:135,0
DA:136,0
DA:142,0
LF:54
LH:0
end_of_record
SF:lib\presentation\home\widgets\home\search_widget.dart
DA:6,0
DA:8,0
DA:10,0
DA:14,0
DA:15,0
LF:5
LH:0
end_of_record
SF:lib\presentation\home\pages\detail_product_page.dart
DA:15,1
DA:17,1
DA:19,1
DA:21,1
DA:23,1
DA:24,1
DA:25,1
DA:26,1
DA:27,5
DA:29,1
DA:30,0
DA:33,1
DA:34,1
DA:35,1
DA:36,1
DA:38,0
DA:39,0
DA:41,0
DA:42,0
LF:19
LH:14
end_of_record
SF:lib\presentation\home\widgets\detail_product\detail_product_widget.dart
DA:12,1
DA:13,1
DA:14,1
DA:15,1
DA:16,1
DA:17,1
DA:18,1
DA:24,1
DA:26,1
DA:28,1
DA:29,1
DA:35,1
DA:41,1
DA:54,0
DA:55,0
DA:56,0
DA:58,0
DA:59,0
DA:60,0
DA:61,0
DA:63,0
DA:64,0
DA:65,0
DA:66,0
DA:67,0
DA:68,0
DA:70,0
DA:71,0
DA:72,0
DA:78,0
DA:81,0
DA:83,0
DA:84,0
DA:91,0
DA:93,0
DA:95,0
DA:96,0
DA:97,0
DA:104,0
DA:106,0
DA:107,0
DA:108,0
DA:115,0
DA:116,0
DA:119,0
DA:120,0
DA:127,0
DA:128,0
DA:139,0
DA:148,0
DA:149,0
DA:163,0
DA:167,0
DA:168,0
DA:169,0
DA:170,0
DA:175,0
DA:176,0
DA:178,0
DA:180,0
DA:181,0
DA:182,0
DA:199,0
DA:201,0
DA:202,0
DA:203,0
DA:205,0
DA:206,0
DA:207,0
DA:213,0
DA:214,0
LF:71
LH:13
end_of_record
